<!DOCTYPE html PUBLIC "-//W3C//DTD XHTML 1.1//EN" "https://www.w3.org/TR/xhtml11/DTD/xhtml11.dtd">
<html xmlns="https://www.w3.org/1999/xhtml">
<head>
<meta http-equiv="content-type" content="text/html; charset=UTF-8"/>
<title>TestNG Report</title>
<style type="text/css">table {margin-bottom:10px;border-collapse:collapse;empty-cells:show}th,td {border:1px solid #009;padding:.25em .5em}th {vertical-align:bottom}td {vertical-align:top}table a {font-weight:bold}.stripe td {background-color: #E6EBF9}.num {text-align:right}.passedodd td {background-color: #3F3}.passedeven td {background-color: #0A0}.skippedodd td {background-color: #DDD}.skippedeven td {background-color: #CCC}.failedodd td,.attn {background-color: #F33}.failedeven td,.stripe .attn {background-color: #D00}.stacktrace {white-space:pre;font-family:monospace}.totop {font-size:85%;text-align:center;border-bottom:2px solid #000}.invisible {display:none}</style>
</head>
<body>
<table>
<tr><th>Test</th><th># Passed</th><th># Skipped</th><th># Retried</th><th># Failed</th><th>Time (ms)</th><th>Included Groups</th><th>Excluded Groups</th></tr>
<tr><th colspan="8">Open Cart Test Regression PW Suite</th></tr>
<tr><td><a href="#t0">Open Cart Home Page Test_chromium</a></td><td class="num">5</td><td class="num">0</td><td class="num">0</td><td class="num">0</td><td class="num">40,112</td><td></td><td></td></tr>
<tr class="stripe"><td><a href="#t1">Open Cart Login Page Test_chrome</a></td><td class="num">2</td><td class="num">0</td><td class="num">0</td><td class="num attn">1</td><td class="num">41,374</td><td></td><td></td></tr>
<tr><td><a href="#t2">Open Cart Login Page Test_Edge</a></td><td class="num">2</td><td class="num">0</td><td class="num">0</td><td class="num attn">1</td><td class="num">43,604</td><td></td><td></td></tr>
<tr class="stripe"><td><a href="#t3">Open Cart Home Page Test_firefox</a></td><td class="num">5</td><td class="num">0</td><td class="num">0</td><td class="num">0</td><td class="num">58,812</td><td></td><td></td></tr>
<tr><th>Total</th><th class="num">14</th><th class="num">0</th><th class="num">0</th><th class="num attn">2</th><th class="num">183,902</th><th colspan="2"></th></tr>
</table>
<table id='summary'><thead><tr><th>Class</th><th>Method</th><th>Start</th><th>Time (ms)</th></tr></thead><tbody><tr><th colspan="4">Open Cart Test Regression PW Suite</th></tr></tbody><tbody id="t0"><tr><th colspan="4">Open Cart Home Page Test_chromium &#8212; passed</th></tr><tr class="passedeven"><td rowspan="5">com.qa.opencart.tests.HomePageTest</td><td><a href="#m0">homePageTitleTest</a></td><td rowspan="1">1672679125268</td><td rowspan="1">209</td></tr><tr class="passedeven"><td><a href="#m1">homePageUrlTest</a></td><td rowspan="1">1672679125527</td><td rowspan="1">9</td></tr><tr class="passedeven"><td><a href="#m2">searchTest</a></td><td rowspan="3">1672679125564</td><td rowspan="3">2679</td></tr><tr class="passedeven"><td><a href="#m3">searchTest</a></td></tr><tr class="passedeven"><td><a href="#m4">searchTest</a></td></tr></tbody>
<tbody id="t1"><tr><th colspan="4">Open Cart Login Page Test_chrome &#8212; failed</th></tr><tr class="failedeven"><td rowspan="1">com.qa.opencart.tests.LoginPageTest</td><td><a href="#m5">appLoginTest</a></td><td rowspan="1">1672679126473</td><td rowspan="1">1675</td></tr><tr><th colspan="4">Open Cart Login Page Test_chrome &#8212; passed</th></tr><tr class="passedeven"><td rowspan="2">com.qa.opencart.tests.LoginPageTest</td><td><a href="#m6">forgotPwdLinkWxistTest</a></td><td rowspan="1">1672679126441</td><td rowspan="1">27</td></tr><tr class="passedeven"><td><a href="#m7">loginPageNavigationTest</a></td><td rowspan="1">1672679124998</td><td rowspan="1">1436</td></tr></tbody>
<tbody id="t2"><tr><th colspan="4">Open Cart Login Page Test_Edge &#8212; failed</th></tr><tr class="failedeven"><td rowspan="1">com.qa.opencart.tests.LoginPageTest</td><td><a href="#m8">appLoginTest</a></td><td rowspan="1">1672679127531</td><td rowspan="1">1420</td></tr><tr><th colspan="4">Open Cart Login Page Test_Edge &#8212; passed</th></tr><tr class="passedeven"><td rowspan="2">com.qa.opencart.tests.LoginPageTest</td><td><a href="#m9">forgotPwdLinkWxistTest</a></td><td rowspan="1">1672679127299</td><td rowspan="1">215</td></tr><tr class="passedeven"><td><a href="#m10">loginPageNavigationTest</a></td><td rowspan="1">1672679125418</td><td rowspan="1">1878</td></tr></tbody>
<tbody id="t3"><tr><th colspan="4">Open Cart Home Page Test_firefox &#8212; passed</th></tr><tr class="passedeven"><td rowspan="5">com.qa.opencart.tests.HomePageTest</td><td><a href="#m11">homePageTitleTest</a></td><td rowspan="1">1672679145987</td><td rowspan="1">57</td></tr><tr class="passedeven"><td><a href="#m12">homePageUrlTest</a></td><td rowspan="1">1672679146053</td><td rowspan="1">9</td></tr><tr class="passedeven"><td><a href="#m13">searchTest</a></td><td rowspan="3">1672679146069</td><td rowspan="3">1069</td></tr><tr class="passedeven"><td><a href="#m14">searchTest</a></td></tr><tr class="passedeven"><td><a href="#m15">searchTest</a></td></tr></tbody>
</table>
<h2>Open Cart Home Page Test_chromium</h2><h3 id="m0">com.qa.opencart.tests.HomePageTest#homePageTitleTest</h3><table class="result"><tr><th class="invisible"/></tr></table><p class="totop"><a href="#summary">back to summary</a></p>
<h3 id="m1">com.qa.opencart.tests.HomePageTest#homePageUrlTest</h3><table class="result"><tr><th class="invisible"/></tr></table><p class="totop"><a href="#summary">back to summary</a></p>
<h3 id="m2">com.qa.opencart.tests.HomePageTest#searchTest</h3><table class="result"><tr class="param"><th>Parameter #1</th></tr><tr class="param stripe"><td>Macbook</td></tr></table><p class="totop"><a href="#summary">back to summary</a></p>
<h3 id="m3">com.qa.opencart.tests.HomePageTest#searchTest</h3><table class="result"><tr class="param"><th>Parameter #1</th></tr><tr class="param stripe"><td>iphone</td></tr></table><p class="totop"><a href="#summary">back to summary</a></p>
<h3 id="m4">com.qa.opencart.tests.HomePageTest#searchTest</h3><table class="result"><tr class="param"><th>Parameter #1</th></tr><tr class="param stripe"><td>Samsung</td></tr></table><p class="totop"><a href="#summary">back to summary</a></p>
<h2>Open Cart Login Page Test_chrome</h2><h3 id="m5">com.qa.opencart.tests.LoginPageTest#appLoginTest</h3><table class="result"><tr><th>Exception</th></tr><tr><td><div class="stacktrace">java.lang.AssertionError: expected [true] but found [false]
	at org.testng.Assert.fail(Assert.java:110)
	at org.testng.Assert.failNotEquals(Assert.java:1413)
	at org.testng.Assert.assertTrue(Assert.java:56)
	at org.testng.Assert.assertTrue(Assert.java:66)
	at com.qa.opencart.tests.LoginPageTest.appLoginTest(LoginPageTest.java:28)
	at java.base/jdk.internal.reflect.DirectMethodHandleAccessor.invoke(DirectMethodHandleAccessor.java:104)
	at java.base/java.lang.reflect.Method.invoke(Method.java:577)
	at org.testng.internal.invokers.MethodInvocationHelper.invokeMethod(MethodInvocationHelper.java:139)
	at org.testng.internal.invokers.TestInvoker.invokeMethod(TestInvoker.java:677)
	at org.testng.internal.invokers.TestInvoker.invokeTestMethod(TestInvoker.java:221)
	at org.testng.internal.invokers.MethodRunner.runInSequence(MethodRunner.java:50)
	at org.testng.internal.invokers.TestInvoker$MethodInvocationAgent.invoke(TestInvoker.java:962)
	at org.testng.internal.invokers.TestInvoker.invokeTestMethods(TestInvoker.java:194)
	at org.testng.internal.invokers.TestMethodWorker.invokeTestMethods(TestMethodWorker.java:148)
	at org.testng.internal.invokers.TestMethodWorker.run(TestMethodWorker.java:128)
	at java.base/java.util.ArrayList.forEach(ArrayList.java:1511)
	at org.testng.TestRunner.privateRun(TestRunner.java:806)
	at org.testng.TestRunner.run(TestRunner.java:601)
	at org.testng.SuiteRunner.runTest(SuiteRunner.java:433)
	at org.testng.SuiteRunner$SuiteWorker.run(SuiteRunner.java:471)
	at org.testng.internal.thread.ThreadUtil.lambda$execute$0(ThreadUtil.java:58)
	at java.base/java.util.concurrent.FutureTask.run(FutureTask.java:264)
	at java.base/java.util.concurrent.ThreadPoolExecutor.runWorker(ThreadPoolExecutor.java:1136)
	at java.base/java.util.concurrent.ThreadPoolExecutor$Worker.run(ThreadPoolExecutor.java:635)
	at java.base/java.lang.Thread.run(Thread.java:833)
</div></td></tr></table><p class="totop"><a href="#summary">back to summary</a></p>
<h3 id="m6">com.qa.opencart.tests.LoginPageTest#forgotPwdLinkWxistTest</h3><table class="result"><tr><th class="invisible"/></tr></table><p class="totop"><a href="#summary">back to summary</a></p>
<h3 id="m7">com.qa.opencart.tests.LoginPageTest#loginPageNavigationTest</h3><table class="result"><tr><th class="invisible"/></tr></table><p class="totop"><a href="#summary">back to summary</a></p>
<h2>Open Cart Login Page Test_Edge</h2><h3 id="m8">com.qa.opencart.tests.LoginPageTest#appLoginTest</h3><table class="result"><tr><th>Exception</th></tr><tr><td><div class="stacktrace">java.lang.AssertionError: expected [true] but found [false]
	at org.testng.Assert.fail(Assert.java:110)
	at org.testng.Assert.failNotEquals(Assert.java:1413)
	at org.testng.Assert.assertTrue(Assert.java:56)
	at org.testng.Assert.assertTrue(Assert.java:66)
	at com.qa.opencart.tests.LoginPageTest.appLoginTest(LoginPageTest.java:28)
	at java.base/jdk.internal.reflect.DirectMethodHandleAccessor.invoke(DirectMethodHandleAccessor.java:104)
	at java.base/java.lang.reflect.Method.invoke(Method.java:577)
	at org.testng.internal.invokers.MethodInvocationHelper.invokeMethod(MethodInvocationHelper.java:139)
	at org.testng.internal.invokers.TestInvoker.invokeMethod(TestInvoker.java:677)
	at org.testng.internal.invokers.TestInvoker.invokeTestMethod(TestInvoker.java:221)
	at org.testng.internal.invokers.MethodRunner.runInSequence(MethodRunner.java:50)
	at org.testng.internal.invokers.TestInvoker$MethodInvocationAgent.invoke(TestInvoker.java:962)
	at org.testng.internal.invokers.TestInvoker.invokeTestMethods(TestInvoker.java:194)
	at org.testng.internal.invokers.TestMethodWorker.invokeTestMethods(TestMethodWorker.java:148)
	at org.testng.internal.invokers.TestMethodWorker.run(TestMethodWorker.java:128)
	at java.base/java.util.ArrayList.forEach(ArrayList.java:1511)
	at org.testng.TestRunner.privateRun(TestRunner.java:806)
	at org.testng.TestRunner.run(TestRunner.java:601)
	at org.testng.SuiteRunner.runTest(SuiteRunner.java:433)
	at org.testng.SuiteRunner$SuiteWorker.run(SuiteRunner.java:471)
	at org.testng.internal.thread.ThreadUtil.lambda$execute$0(ThreadUtil.java:58)
	at java.base/java.util.concurrent.FutureTask.run(FutureTask.java:264)
	at java.base/java.util.concurrent.ThreadPoolExecutor.runWorker(ThreadPoolExecutor.java:1136)
	at java.base/java.util.concurrent.ThreadPoolExecutor$Worker.run(ThreadPoolExecutor.java:635)
	at java.base/java.lang.Thread.run(Thread.java:833)
</div></td></tr></table><p class="totop"><a href="#summary">back to summary</a></p>
<h3 id="m9">com.qa.opencart.tests.LoginPageTest#forgotPwdLinkWxistTest</h3><table class="result"><tr><th class="invisible"/></tr></table><p class="totop"><a href="#summary">back to summary</a></p>
<h3 id="m10">com.qa.opencart.tests.LoginPageTest#loginPageNavigationTest</h3><table class="result"><tr><th class="invisible"/></tr></table><p class="totop"><a href="#summary">back to summary</a></p>
<h2>Open Cart Home Page Test_firefox</h2><h3 id="m11">com.qa.opencart.tests.HomePageTest#homePageTitleTest</h3><table class="result"><tr><th class="invisible"/></tr></table><p class="totop"><a href="#summary">back to summary</a></p>
<h3 id="m12">com.qa.opencart.tests.HomePageTest#homePageUrlTest</h3><table class="result"><tr><th class="invisible"/></tr></table><p class="totop"><a href="#summary">back to summary</a></p>
<h3 id="m13">com.qa.opencart.tests.HomePageTest#searchTest</h3><table class="result"><tr class="param"><th>Parameter #1</th></tr><tr class="param stripe"><td>Macbook</td></tr></table><p class="totop"><a href="#summary">back to summary</a></p>
<h3 id="m14">com.qa.opencart.tests.HomePageTest#searchTest</h3><table class="result"><tr class="param"><th>Parameter #1</th></tr><tr class="param stripe"><td>iphone</td></tr></table><p class="totop"><a href="#summary">back to summary</a></p>
<h3 id="m15">com.qa.opencart.tests.HomePageTest#searchTest</h3><table class="result"><tr class="param"><th>Parameter #1</th></tr><tr class="param stripe"><td>Samsung</td></tr></table><p class="totop"><a href="#summary">back to summary</a></p>
</body>
</html>
