<!DOCTYPE html>

<html>
  <head>
  <meta charset='utf-8'>
  <title>TestNG reports</title>

    <link type="text/css" href="testng-reports1.css" rel="stylesheet" id="ultra" />
    <link type="text/css" href="testng-reports.css" rel="stylesheet" id="retro" disabled="false"/>
    <script type="text/javascript" src="jquery.min.js"></script>
    <script type="text/javascript" src="testng-reports.js"></script>
    <script type="text/javascript" src="https://www.google.com/jsapi"></script>
    <script type='text/javascript'>
      google.load('visualization', '1', {packages:['table']});
      google.setOnLoadCallback(drawTable);
      var suiteTableInitFunctions = new Array();
      var suiteTableData = new Array();
    </script>
    <!--
      <script type="text/javascript" src="jquery-ui/js/jquery-ui-1.8.16.custom.min.js"></script>
     -->
  </head>

  <body>
    <div class="top-banner-root">
      <span class="top-banner-title-font">Test results</span>
      <button id="button" class="button">Switch Retro Theme</button> <!-- button -->
      <br/>
      <span class="top-banner-font-1">1 suite, 2 failed tests</span>
    </div> <!-- top-banner-root -->
    <div class="navigator-root">
      <div class="navigator-suite-header">
        <span>All suites</span>
        <a href="#" title="Collapse/expand all the suites" class="collapse-all-link">
          <img src="collapseall.gif" class="collapse-all-icon">
          </img> <!-- collapse-all-icon -->
        </a> <!-- collapse-all-link -->
      </div> <!-- navigator-suite-header -->
      <div class="suite">
        <div class="rounded-window">
          <div class="suite-header light-rounded-window-top">
            <a href="#" panel-name="suite-Open_Cart_Test_Regression_PW_Suite" class="navigator-link">
              <span class="suite-name border-failed">Open Cart Test Regression PW Suite</span>
            </a> <!-- navigator-link -->
          </div> <!-- suite-header light-rounded-window-top -->
          <div class="navigator-suite-content">
            <div class="suite-section-title">
              <span>Info</span>
            </div> <!-- suite-section-title -->
            <div class="suite-section-content">
              <ul>
                <li>
                  <a href="#" panel-name="test-xml-Open_Cart_Test_Regression_PW_Suite" class="navigator-link ">
                    <span>C:\Users\ganes\eclipse-workspace\PlaywrightFramework\src\test\resources\testrunners\testng_regression.xml</span>
                  </a> <!-- navigator-link  -->
                </li>
                <li>
                  <a href="#" panel-name="testlist-Open_Cart_Test_Regression_PW_Suite" class="navigator-link ">
                    <span class="test-stats">4 tests</span>
                  </a> <!-- navigator-link  -->
                </li>
                <li>
                  <a href="#" panel-name="group-Open_Cart_Test_Regression_PW_Suite" class="navigator-link ">
                    <span>0 groups</span>
                  </a> <!-- navigator-link  -->
                </li>
                <li>
                  <a href="#" panel-name="times-Open_Cart_Test_Regression_PW_Suite" class="navigator-link ">
                    <span>Times</span>
                  </a> <!-- navigator-link  -->
                </li>
                <li>
                  <a href="#" panel-name="reporter-Open_Cart_Test_Regression_PW_Suite" class="navigator-link ">
                    <span>Reporter output</span>
                  </a> <!-- navigator-link  -->
                </li>
                <li>
                  <a href="#" panel-name="ignored-methods-Open_Cart_Test_Regression_PW_Suite" class="navigator-link ">
                    <span>Ignored methods</span>
                  </a> <!-- navigator-link  -->
                </li>
                <li>
                  <a href="#" panel-name="chronological-Open_Cart_Test_Regression_PW_Suite" class="navigator-link ">
                    <span>Chronological view</span>
                  </a> <!-- navigator-link  -->
                </li>
              </ul>
            </div> <!-- suite-section-content -->
            <div class="result-section">
              <div class="suite-section-title">
                <span>Results</span>
              </div> <!-- suite-section-title -->
              <div class="suite-section-content">
                <ul>
                  <li>
                    <span class="method-stats">16 methods, 2 failed,   14 passed</span>
                  </li>
                  <li>
                    <span class="method-list-title failed">Failed methods</span>
                    <span class="show-or-hide-methods failed">
                      <a href="#" panel-name="suite-Open_Cart_Test_Regression_PW_Suite" class="hide-methods failed suite-Open_Cart_Test_Regression_PW_Suite"> (hide)</a> <!-- hide-methods failed suite-Open_Cart_Test_Regression_PW_Suite -->
                      <a href="#" panel-name="suite-Open_Cart_Test_Regression_PW_Suite" class="show-methods failed suite-Open_Cart_Test_Regression_PW_Suite"> (show)</a> <!-- show-methods failed suite-Open_Cart_Test_Regression_PW_Suite -->
                    </span>
                    <div class="method-list-content failed suite-Open_Cart_Test_Regression_PW_Suite">
                      <span>
                        <img src="failed.png" width="3%"/>
                        <a href="#" panel-name="suite-Open_Cart_Test_Regression_PW_Suite" title="com.qa.opencart.tests.LoginPageTest" class="method navigator-link" hash-for-method="appLoginTest">appLoginTest</a> <!-- method navigator-link -->
                      </span>
                      <br/>
                      <span>
                        <img src="failed.png" width="3%"/>
                        <a href="#" panel-name="suite-Open_Cart_Test_Regression_PW_Suite" title="com.qa.opencart.tests.LoginPageTest" class="method navigator-link" hash-for-method="forgotPwdLinkWxistTest">forgotPwdLinkWxistTest</a> <!-- method navigator-link -->
                      </span>
                      <br/>
                    </div> <!-- method-list-content failed suite-Open_Cart_Test_Regression_PW_Suite -->
                  </li>
                  <li>
                    <span class="method-list-title passed">Passed methods</span>
                    <span class="show-or-hide-methods passed">
                      <a href="#" panel-name="suite-Open_Cart_Test_Regression_PW_Suite" class="hide-methods passed suite-Open_Cart_Test_Regression_PW_Suite"> (hide)</a> <!-- hide-methods passed suite-Open_Cart_Test_Regression_PW_Suite -->
                      <a href="#" panel-name="suite-Open_Cart_Test_Regression_PW_Suite" class="show-methods passed suite-Open_Cart_Test_Regression_PW_Suite"> (show)</a> <!-- show-methods passed suite-Open_Cart_Test_Regression_PW_Suite -->
                    </span>
                    <div class="method-list-content passed suite-Open_Cart_Test_Regression_PW_Suite">
                      <span>
                        <img src="passed.png" width="3%"/>
                        <a href="#" panel-name="suite-Open_Cart_Test_Regression_PW_Suite" title="com.qa.opencart.tests.LoginPageTest" class="method navigator-link" hash-for-method="appLoginTest">appLoginTest</a> <!-- method navigator-link -->
                      </span>
                      <br/>
                      <span>
                        <img src="passed.png" width="3%"/>
                        <a href="#" panel-name="suite-Open_Cart_Test_Regression_PW_Suite" title="com.qa.opencart.tests.LoginPageTest" class="method navigator-link" hash-for-method="forgotPwdLinkWxistTest">forgotPwdLinkWxistTest</a> <!-- method navigator-link -->
                      </span>
                      <br/>
                      <span>
                        <img src="passed.png" width="3%"/>
                        <a href="#" panel-name="suite-Open_Cart_Test_Regression_PW_Suite" title="com.qa.opencart.tests.HomePageTest" class="method navigator-link" hash-for-method="homePageTitleTest">homePageTitleTest</a> <!-- method navigator-link -->
                      </span>
                      <br/>
                      <span>
                        <img src="passed.png" width="3%"/>
                        <a href="#" panel-name="suite-Open_Cart_Test_Regression_PW_Suite" title="com.qa.opencart.tests.HomePageTest" class="method navigator-link" hash-for-method="homePageTitleTest">homePageTitleTest</a> <!-- method navigator-link -->
                      </span>
                      <br/>
                      <span>
                        <img src="passed.png" width="3%"/>
                        <a href="#" panel-name="suite-Open_Cart_Test_Regression_PW_Suite" title="com.qa.opencart.tests.HomePageTest" class="method navigator-link" hash-for-method="homePageUrlTest">homePageUrlTest</a> <!-- method navigator-link -->
                      </span>
                      <br/>
                      <span>
                        <img src="passed.png" width="3%"/>
                        <a href="#" panel-name="suite-Open_Cart_Test_Regression_PW_Suite" title="com.qa.opencart.tests.HomePageTest" class="method navigator-link" hash-for-method="homePageUrlTest">homePageUrlTest</a> <!-- method navigator-link -->
                      </span>
                      <br/>
                      <span>
                        <img src="passed.png" width="3%"/>
                        <a href="#" panel-name="suite-Open_Cart_Test_Regression_PW_Suite" title="com.qa.opencart.tests.LoginPageTest" class="method navigator-link" hash-for-method="loginPageNavigationTest">loginPageNavigationTest</a> <!-- method navigator-link -->
                      </span>
                      <br/>
                      <span>
                        <img src="passed.png" width="3%"/>
                        <a href="#" panel-name="suite-Open_Cart_Test_Regression_PW_Suite" title="com.qa.opencart.tests.LoginPageTest" class="method navigator-link" hash-for-method="loginPageNavigationTest">loginPageNavigationTest</a> <!-- method navigator-link -->
                      </span>
                      <br/>
                      <span>
                        <img src="passed.png" width="3%"/>
                        <a href="#" panel-name="suite-Open_Cart_Test_Regression_PW_Suite" title="com.qa.opencart.tests.HomePageTest" class="method navigator-link" hash-for-method="searchTest(Samsung)">searchTest(Samsung)</a> <!-- method navigator-link -->
                      </span>
                      <br/>
                      <span>
                        <img src="passed.png" width="3%"/>
                        <a href="#" panel-name="suite-Open_Cart_Test_Regression_PW_Suite" title="com.qa.opencart.tests.HomePageTest" class="method navigator-link" hash-for-method="searchTest(Macbook)">searchTest(Macbook)</a> <!-- method navigator-link -->
                      </span>
                      <br/>
                      <span>
                        <img src="passed.png" width="3%"/>
                        <a href="#" panel-name="suite-Open_Cart_Test_Regression_PW_Suite" title="com.qa.opencart.tests.HomePageTest" class="method navigator-link" hash-for-method="searchTest(iphone)">searchTest(iphone)</a> <!-- method navigator-link -->
                      </span>
                      <br/>
                      <span>
                        <img src="passed.png" width="3%"/>
                        <a href="#" panel-name="suite-Open_Cart_Test_Regression_PW_Suite" title="com.qa.opencart.tests.HomePageTest" class="method navigator-link" hash-for-method="searchTest(Samsung)">searchTest(Samsung)</a> <!-- method navigator-link -->
                      </span>
                      <br/>
                      <span>
                        <img src="passed.png" width="3%"/>
                        <a href="#" panel-name="suite-Open_Cart_Test_Regression_PW_Suite" title="com.qa.opencart.tests.HomePageTest" class="method navigator-link" hash-for-method="searchTest(iphone)">searchTest(iphone)</a> <!-- method navigator-link -->
                      </span>
                      <br/>
                      <span>
                        <img src="passed.png" width="3%"/>
                        <a href="#" panel-name="suite-Open_Cart_Test_Regression_PW_Suite" title="com.qa.opencart.tests.HomePageTest" class="method navigator-link" hash-for-method="searchTest(Macbook)">searchTest(Macbook)</a> <!-- method navigator-link -->
                      </span>
                      <br/>
                    </div> <!-- method-list-content passed suite-Open_Cart_Test_Regression_PW_Suite -->
                  </li>
                </ul>
              </div> <!-- suite-section-content -->
            </div> <!-- result-section -->
          </div> <!-- navigator-suite-content -->
        </div> <!-- rounded-window -->
      </div> <!-- suite -->
    </div> <!-- navigator-root -->
    <div class="wrapper">
      <div class="main-panel-root">
        <div panel-name="suite-Open_Cart_Test_Regression_PW_Suite" class="panel Open_Cart_Test_Regression_PW_Suite">
          <div class="suite-Open_Cart_Test_Regression_PW_Suite-class-failed">
            <div class="main-panel-header rounded-window-top">
              <img src="failed.png"/>
              <span class="class-name">com.qa.opencart.tests.LoginPageTest</span>
            </div> <!-- main-panel-header rounded-window-top -->
            <div class="main-panel-content rounded-window-bottom">
              <div class="method">
                <div class="method-content">
                  <a name="appLoginTest">
                  </a> <!-- appLoginTest -->
                  <span class="method-name">appLoginTest</span>
                  <div class="stack-trace">java.lang.AssertionError: expected [true] but found [false]
	at org.testng.Assert.fail(Assert.java:99)
	at org.testng.Assert.failNotEquals(Assert.java:1037)
	at org.testng.Assert.assertTrue(Assert.java:45)
	at org.testng.Assert.assertTrue(Assert.java:55)
	at com.qa.opencart.tests.LoginPageTest.appLoginTest(LoginPageTest.java:27)
	at java.base/jdk.internal.reflect.DirectMethodHandleAccessor.invoke(DirectMethodHandleAccessor.java:104)
	at java.base/java.lang.reflect.Method.invoke(Method.java:577)
	at org.testng.internal.MethodInvocationHelper.invokeMethod(MethodInvocationHelper.java:133)
	at org.testng.internal.TestInvoker.invokeMethod(TestInvoker.java:598)
	at org.testng.internal.TestInvoker.invokeTestMethod(TestInvoker.java:173)
	at org.testng.internal.MethodRunner.runInSequence(MethodRunner.java:46)
	at org.testng.internal.TestInvoker$MethodInvocationAgent.invoke(TestInvoker.java:824)
	at org.testng.internal.TestInvoker.invokeTestMethods(TestInvoker.java:146)
	at org.testng.internal.TestMethodWorker.invokeTestMethods(TestMethodWorker.java:146)
	at org.testng.internal.TestMethodWorker.run(TestMethodWorker.java:128)
	at java.base/java.util.ArrayList.forEach(ArrayList.java:1511)
	at org.testng.TestRunner.privateRun(TestRunner.java:794)
	at org.testng.TestRunner.run(TestRunner.java:596)
	at org.testng.SuiteRunner.runTest(SuiteRunner.java:377)
	at org.testng.SuiteRunner.access$000(SuiteRunner.java:28)
	at org.testng.SuiteRunner$SuiteWorker.run(SuiteRunner.java:418)
	at org.testng.internal.thread.ThreadUtil.lambda$execute$0(ThreadUtil.java:64)
	at java.base/java.util.concurrent.FutureTask.run(FutureTask.java:264)
	at java.base/java.util.concurrent.ThreadPoolExecutor.runWorker(ThreadPoolExecutor.java:1136)
	at java.base/java.util.concurrent.ThreadPoolExecutor$Worker.run(ThreadPoolExecutor.java:635)
	at java.base/java.lang.Thread.run(Thread.java:833)

</div> <!-- stack-trace -->
                </div> <!-- method-content -->
              </div> <!-- method -->
              <div class="method">
                <div class="method-content">
                  <a name="forgotPwdLinkWxistTest">
                  </a> <!-- forgotPwdLinkWxistTest -->
                  <span class="method-name">forgotPwdLinkWxistTest</span>
                  <div class="stack-trace">java.lang.AssertionError: expected [true] but found [false]
	at org.testng.Assert.fail(Assert.java:99)
	at org.testng.Assert.failNotEquals(Assert.java:1037)
	at org.testng.Assert.assertTrue(Assert.java:45)
	at org.testng.Assert.assertTrue(Assert.java:55)
	at com.qa.opencart.tests.LoginPageTest.forgotPwdLinkWxistTest(LoginPageTest.java:21)
	at java.base/jdk.internal.reflect.DirectMethodHandleAccessor.invoke(DirectMethodHandleAccessor.java:104)
	at java.base/java.lang.reflect.Method.invoke(Method.java:577)
	at org.testng.internal.MethodInvocationHelper.invokeMethod(MethodInvocationHelper.java:133)
	at org.testng.internal.TestInvoker.invokeMethod(TestInvoker.java:598)
	at org.testng.internal.TestInvoker.invokeTestMethod(TestInvoker.java:173)
	at org.testng.internal.MethodRunner.runInSequence(MethodRunner.java:46)
	at org.testng.internal.TestInvoker$MethodInvocationAgent.invoke(TestInvoker.java:824)
	at org.testng.internal.TestInvoker.invokeTestMethods(TestInvoker.java:146)
	at org.testng.internal.TestMethodWorker.invokeTestMethods(TestMethodWorker.java:146)
	at org.testng.internal.TestMethodWorker.run(TestMethodWorker.java:128)
	at java.base/java.util.ArrayList.forEach(ArrayList.java:1511)
	at org.testng.TestRunner.privateRun(TestRunner.java:794)
	at org.testng.TestRunner.run(TestRunner.java:596)
	at org.testng.SuiteRunner.runTest(SuiteRunner.java:377)
	at org.testng.SuiteRunner.access$000(SuiteRunner.java:28)
	at org.testng.SuiteRunner$SuiteWorker.run(SuiteRunner.java:418)
	at org.testng.internal.thread.ThreadUtil.lambda$execute$0(ThreadUtil.java:64)
	at java.base/java.util.concurrent.FutureTask.run(FutureTask.java:264)
	at java.base/java.util.concurrent.ThreadPoolExecutor.runWorker(ThreadPoolExecutor.java:1136)
	at java.base/java.util.concurrent.ThreadPoolExecutor$Worker.run(ThreadPoolExecutor.java:635)
	at java.base/java.lang.Thread.run(Thread.java:833)

</div> <!-- stack-trace -->
                </div> <!-- method-content -->
              </div> <!-- method -->
            </div> <!-- main-panel-content rounded-window-bottom -->
          </div> <!-- suite-Open_Cart_Test_Regression_PW_Suite-class-failed -->
          <div class="suite-Open_Cart_Test_Regression_PW_Suite-class-passed">
            <div class="main-panel-header rounded-window-top">
              <img src="passed.png"/>
              <span class="class-name">com.qa.opencart.tests.LoginPageTest</span>
            </div> <!-- main-panel-header rounded-window-top -->
            <div class="main-panel-content rounded-window-bottom">
              <div class="method">
                <div class="method-content">
                  <a name="appLoginTest">
                  </a> <!-- appLoginTest -->
                  <span class="method-name">appLoginTest</span>
                </div> <!-- method-content -->
              </div> <!-- method -->
              <div class="method">
                <div class="method-content">
                  <a name="forgotPwdLinkWxistTest">
                  </a> <!-- forgotPwdLinkWxistTest -->
                  <span class="method-name">forgotPwdLinkWxistTest</span>
                </div> <!-- method-content -->
              </div> <!-- method -->
              <div class="method">
                <div class="method-content">
                  <a name="loginPageNavigationTest">
                  </a> <!-- loginPageNavigationTest -->
                  <span class="method-name">loginPageNavigationTest</span>
                </div> <!-- method-content -->
              </div> <!-- method -->
              <div class="method">
                <div class="method-content">
                  <a name="loginPageNavigationTest">
                  </a> <!-- loginPageNavigationTest -->
                  <span class="method-name">loginPageNavigationTest</span>
                </div> <!-- method-content -->
              </div> <!-- method -->
            </div> <!-- main-panel-content rounded-window-bottom -->
          </div> <!-- suite-Open_Cart_Test_Regression_PW_Suite-class-passed -->
          <div class="suite-Open_Cart_Test_Regression_PW_Suite-class-passed">
            <div class="main-panel-header rounded-window-top">
              <img src="passed.png"/>
              <span class="class-name">com.qa.opencart.tests.HomePageTest</span>
            </div> <!-- main-panel-header rounded-window-top -->
            <div class="main-panel-content rounded-window-bottom">
              <div class="method">
                <div class="method-content">
                  <a name="homePageTitleTest">
                  </a> <!-- homePageTitleTest -->
                  <span class="method-name">homePageTitleTest</span>
                </div> <!-- method-content -->
              </div> <!-- method -->
              <div class="method">
                <div class="method-content">
                  <a name="homePageTitleTest">
                  </a> <!-- homePageTitleTest -->
                  <span class="method-name">homePageTitleTest</span>
                </div> <!-- method-content -->
              </div> <!-- method -->
              <div class="method">
                <div class="method-content">
                  <a name="homePageUrlTest">
                  </a> <!-- homePageUrlTest -->
                  <span class="method-name">homePageUrlTest</span>
                </div> <!-- method-content -->
              </div> <!-- method -->
              <div class="method">
                <div class="method-content">
                  <a name="homePageUrlTest">
                  </a> <!-- homePageUrlTest -->
                  <span class="method-name">homePageUrlTest</span>
                </div> <!-- method-content -->
              </div> <!-- method -->
              <div class="method">
                <div class="method-content">
                  <a name="searchTest(Samsung)">
                  </a> <!-- searchTest(Samsung) -->
                  <span class="method-name">searchTest</span>
                  <span class="parameters">(Samsung)</span>
                </div> <!-- method-content -->
              </div> <!-- method -->
              <div class="method">
                <div class="method-content">
                  <a name="searchTest(Macbook)">
                  </a> <!-- searchTest(Macbook) -->
                  <span class="method-name">searchTest</span>
                  <span class="parameters">(Macbook)</span>
                </div> <!-- method-content -->
              </div> <!-- method -->
              <div class="method">
                <div class="method-content">
                  <a name="searchTest(iphone)">
                  </a> <!-- searchTest(iphone) -->
                  <span class="method-name">searchTest</span>
                  <span class="parameters">(iphone)</span>
                </div> <!-- method-content -->
              </div> <!-- method -->
              <div class="method">
                <div class="method-content">
                  <a name="searchTest(Samsung)">
                  </a> <!-- searchTest(Samsung) -->
                  <span class="method-name">searchTest</span>
                  <span class="parameters">(Samsung)</span>
                </div> <!-- method-content -->
              </div> <!-- method -->
              <div class="method">
                <div class="method-content">
                  <a name="searchTest(iphone)">
                  </a> <!-- searchTest(iphone) -->
                  <span class="method-name">searchTest</span>
                  <span class="parameters">(iphone)</span>
                </div> <!-- method-content -->
              </div> <!-- method -->
              <div class="method">
                <div class="method-content">
                  <a name="searchTest(Macbook)">
                  </a> <!-- searchTest(Macbook) -->
                  <span class="method-name">searchTest</span>
                  <span class="parameters">(Macbook)</span>
                </div> <!-- method-content -->
              </div> <!-- method -->
            </div> <!-- main-panel-content rounded-window-bottom -->
          </div> <!-- suite-Open_Cart_Test_Regression_PW_Suite-class-passed -->
        </div> <!-- panel Open_Cart_Test_Regression_PW_Suite -->
        <div panel-name="test-xml-Open_Cart_Test_Regression_PW_Suite" class="panel">
          <div class="main-panel-header rounded-window-top">
            <span class="header-content">C:\Users\ganes\eclipse-workspace\PlaywrightFramework\src\test\resources\testrunners\testng_regression.xml</span>
          </div> <!-- main-panel-header rounded-window-top -->
          <div class="main-panel-content rounded-window-bottom">
            <pre>
&lt;?xml version=&quot;1.0&quot; encoding=&quot;UTF-8&quot;?&gt;
&lt;!DOCTYPE suite SYSTEM &quot;https://testng.org/testng-1.0.dtd&quot;&gt;
&lt;suite parallel=&quot;tests&quot; name=&quot;Open Cart Test Regression PW Suite&quot; guice-stage=&quot;DEVELOPMENT&quot; verbose=&quot;4&quot;&gt;
  &lt;listeners&gt;
    &lt;listener class-name=&quot;com.qa.opencart.listeners.ExtentReportListener&quot;/&gt;
  &lt;/listeners&gt;
  &lt;test thread-count=&quot;5&quot; parallel=&quot;tests&quot; name=&quot;Open Cart Home Page Test_Chrome&quot; verbose=&quot;4&quot;&gt;
    &lt;parameter name=&quot;browser&quot; value=&quot;chrome&quot;/&gt;
    &lt;classes&gt;
      &lt;class name=&quot;com.qa.opencart.tests.HomePageTest&quot;/&gt;
    &lt;/classes&gt;
  &lt;/test&gt; &lt;!-- Open Cart Home Page Test_Chrome --&gt;
  &lt;test thread-count=&quot;5&quot; parallel=&quot;tests&quot; name=&quot;Open Cart Login Page Test_Firefox&quot; verbose=&quot;4&quot;&gt;
    &lt;parameter name=&quot;browser&quot; value=&quot;firefox&quot;/&gt;
    &lt;classes&gt;
      &lt;class name=&quot;com.qa.opencart.tests.LoginPageTest&quot;/&gt;
    &lt;/classes&gt;
  &lt;/test&gt; &lt;!-- Open Cart Login Page Test_Firefox --&gt;
  &lt;test thread-count=&quot;5&quot; parallel=&quot;tests&quot; name=&quot;Open Cart Home Page Test_Chromium&quot; verbose=&quot;4&quot;&gt;
    &lt;parameter name=&quot;browser&quot; value=&quot;chromium&quot;/&gt;
    &lt;classes&gt;
      &lt;class name=&quot;com.qa.opencart.tests.HomePageTest&quot;/&gt;
    &lt;/classes&gt;
  &lt;/test&gt; &lt;!-- Open Cart Home Page Test_Chromium --&gt;
  &lt;test thread-count=&quot;5&quot; parallel=&quot;tests&quot; name=&quot;Open Cart Login Page Test_Edge&quot; verbose=&quot;4&quot;&gt;
    &lt;parameter name=&quot;browser&quot; value=&quot;edge&quot;/&gt;
    &lt;classes&gt;
      &lt;class name=&quot;com.qa.opencart.tests.LoginPageTest&quot;/&gt;
    &lt;/classes&gt;
  &lt;/test&gt; &lt;!-- Open Cart Login Page Test_Edge --&gt;
&lt;/suite&gt; &lt;!-- Open Cart Test Regression PW Suite --&gt;
            </pre>
          </div> <!-- main-panel-content rounded-window-bottom -->
        </div> <!-- panel -->
        <div panel-name="testlist-Open_Cart_Test_Regression_PW_Suite" class="panel">
          <div class="main-panel-header rounded-window-top">
            <span class="header-content">Tests for Open Cart Test Regression PW Suite</span>
          </div> <!-- main-panel-header rounded-window-top -->
          <div class="main-panel-content rounded-window-bottom">
            <ul>
              <li>
                <span class="test-name">Open Cart Home Page Test_Chrome (1 class)</span>
              </li>
              <li>
                <span class="test-name">Open Cart Login Page Test_Firefox (1 class)</span>
              </li>
              <li>
                <span class="test-name">Open Cart Home Page Test_Chromium (1 class)</span>
              </li>
              <li>
                <span class="test-name">Open Cart Login Page Test_Edge (1 class)</span>
              </li>
            </ul>
          </div> <!-- main-panel-content rounded-window-bottom -->
        </div> <!-- panel -->
        <div panel-name="group-Open_Cart_Test_Regression_PW_Suite" class="panel">
          <div class="main-panel-header rounded-window-top">
            <span class="header-content">Groups for Open Cart Test Regression PW Suite</span>
          </div> <!-- main-panel-header rounded-window-top -->
          <div class="main-panel-content rounded-window-bottom">
          </div> <!-- main-panel-content rounded-window-bottom -->
        </div> <!-- panel -->
        <div panel-name="times-Open_Cart_Test_Regression_PW_Suite" class="panel">
          <div class="main-panel-header rounded-window-top">
            <span class="header-content">Times for Open Cart Test Regression PW Suite</span>
          </div> <!-- main-panel-header rounded-window-top -->
          <div class="main-panel-content rounded-window-bottom">
            <div class="times-div">
              <script type="text/javascript">
suiteTableInitFunctions.push('tableData_Open_Cart_Test_Regression_PW_Suite');
function tableData_Open_Cart_Test_Regression_PW_Suite() {
var data = new google.visualization.DataTable();
data.addColumn('number', 'Number');
data.addColumn('string', 'Method');
data.addColumn('string', 'Class');
data.addColumn('number', 'Time (ms)');
data.addRows(16);
data.setCell(0, 0, 0)
data.setCell(0, 1, 'appLoginTest')
data.setCell(0, 2, 'com.qa.opencart.tests.LoginPageTest')
data.setCell(0, 3, 2998);
data.setCell(1, 0, 1)
data.setCell(1, 1, 'searchTest')
data.setCell(1, 2, 'com.qa.opencart.tests.HomePageTest')
data.setCell(1, 3, 2709);
data.setCell(2, 0, 2)
data.setCell(2, 1, 'searchTest')
data.setCell(2, 2, 'com.qa.opencart.tests.HomePageTest')
data.setCell(2, 3, 2097);
data.setCell(3, 0, 3)
data.setCell(3, 1, 'loginPageNavigationTest')
data.setCell(3, 2, 'com.qa.opencart.tests.LoginPageTest')
data.setCell(3, 3, 1966);
data.setCell(4, 0, 4)
data.setCell(4, 1, 'searchTest')
data.setCell(4, 2, 'com.qa.opencart.tests.HomePageTest')
data.setCell(4, 3, 1305);
data.setCell(5, 0, 5)
data.setCell(5, 1, 'searchTest')
data.setCell(5, 2, 'com.qa.opencart.tests.HomePageTest')
data.setCell(5, 3, 1187);
data.setCell(6, 0, 6)
data.setCell(6, 1, 'loginPageNavigationTest')
data.setCell(6, 2, 'com.qa.opencart.tests.LoginPageTest')
data.setCell(6, 3, 1153);
data.setCell(7, 0, 7)
data.setCell(7, 1, 'searchTest')
data.setCell(7, 2, 'com.qa.opencart.tests.HomePageTest')
data.setCell(7, 3, 1147);
data.setCell(8, 0, 8)
data.setCell(8, 1, 'appLoginTest')
data.setCell(8, 2, 'com.qa.opencart.tests.LoginPageTest')
data.setCell(8, 3, 1100);
data.setCell(9, 0, 9)
data.setCell(9, 1, 'searchTest')
data.setCell(9, 2, 'com.qa.opencart.tests.HomePageTest')
data.setCell(9, 3, 992);
data.setCell(10, 0, 10)
data.setCell(10, 1, 'homePageTitleTest')
data.setCell(10, 2, 'com.qa.opencart.tests.HomePageTest')
data.setCell(10, 3, 411);
data.setCell(11, 0, 11)
data.setCell(11, 1, 'forgotPwdLinkWxistTest')
data.setCell(11, 2, 'com.qa.opencart.tests.LoginPageTest')
data.setCell(11, 3, 156);
data.setCell(12, 0, 12)
data.setCell(12, 1, 'forgotPwdLinkWxistTest')
data.setCell(12, 2, 'com.qa.opencart.tests.LoginPageTest')
data.setCell(12, 3, 113);
data.setCell(13, 0, 13)
data.setCell(13, 1, 'homePageTitleTest')
data.setCell(13, 2, 'com.qa.opencart.tests.HomePageTest')
data.setCell(13, 3, 17);
data.setCell(14, 0, 14)
data.setCell(14, 1, 'homePageUrlTest')
data.setCell(14, 2, 'com.qa.opencart.tests.HomePageTest')
data.setCell(14, 3, 10);
data.setCell(15, 0, 15)
data.setCell(15, 1, 'homePageUrlTest')
data.setCell(15, 2, 'com.qa.opencart.tests.HomePageTest')
data.setCell(15, 3, 1);
window.suiteTableData['Open_Cart_Test_Regression_PW_Suite']= { tableData: data, tableDiv: 'times-div-Open_Cart_Test_Regression_PW_Suite'}
return data;
}
              </script>
              <span class="suite-total-time">Total running time: 34 seconds</span>
              <div id="times-div-Open_Cart_Test_Regression_PW_Suite">
              </div> <!-- times-div-Open_Cart_Test_Regression_PW_Suite -->
            </div> <!-- times-div -->
          </div> <!-- main-panel-content rounded-window-bottom -->
        </div> <!-- panel -->
        <div panel-name="reporter-Open_Cart_Test_Regression_PW_Suite" class="panel">
          <div class="main-panel-header rounded-window-top">
            <span class="header-content">Reporter output for Open Cart Test Regression PW Suite</span>
          </div> <!-- main-panel-header rounded-window-top -->
          <div class="main-panel-content rounded-window-bottom">
          </div> <!-- main-panel-content rounded-window-bottom -->
        </div> <!-- panel -->
        <div panel-name="ignored-methods-Open_Cart_Test_Regression_PW_Suite" class="panel">
          <div class="main-panel-header rounded-window-top">
            <span class="header-content">0 ignored methods</span>
          </div> <!-- main-panel-header rounded-window-top -->
          <div class="main-panel-content rounded-window-bottom">
          </div> <!-- main-panel-content rounded-window-bottom -->
        </div> <!-- panel -->
        <div panel-name="chronological-Open_Cart_Test_Regression_PW_Suite" class="panel">
          <div class="main-panel-header rounded-window-top">
            <span class="header-content">Methods in chronological order</span>
          </div> <!-- main-panel-header rounded-window-top -->
          <div class="main-panel-content rounded-window-bottom">
            <div class="chronological-class">
              <div class="chronological-class-name">com.qa.opencart.tests.HomePageTest</div> <!-- chronological-class-name -->
              <div class="configuration-test before">
                <span class="method-name">setup(chrome)</span>
                <span class="method-start">0 ms</span>
              </div> <!-- configuration-test before -->
            </div> <!-- chronological-class -->
            <div class="chronological-class">
              <div class="chronological-class-name">com.qa.opencart.tests.LoginPageTest</div> <!-- chronological-class-name -->
              <div class="configuration-test before">
                <span class="method-name">setup(firefox)</span>
                <span class="method-start">0 ms</span>
              </div> <!-- configuration-test before -->
            </div> <!-- chronological-class -->
            <div class="chronological-class">
              <div class="chronological-class-name">com.qa.opencart.tests.HomePageTest</div> <!-- chronological-class-name -->
              <div class="configuration-test before">
                <span class="method-name">setup(chromium)</span>
                <span class="method-start">0 ms</span>
              </div> <!-- configuration-test before -->
            </div> <!-- chronological-class -->
            <div class="chronological-class">
              <div class="chronological-class-name">com.qa.opencart.tests.LoginPageTest</div> <!-- chronological-class-name -->
              <div class="configuration-test before">
                <span class="method-name">setup(edge)</span>
                <span class="method-start">0 ms</span>
              </div> <!-- configuration-test before -->
            </div> <!-- chronological-class -->
            <div class="chronological-class">
              <div class="chronological-class-name">com.qa.opencart.tests.HomePageTest</div> <!-- chronological-class-name -->
              <div class="test-method">
                <span class="method-name">homePageTitleTest</span>
                <span class="method-start">16436 ms</span>
              </div> <!-- test-method -->
            </div> <!-- chronological-class -->
            <div class="chronological-class">
              <div class="chronological-class-name">com.qa.opencart.tests.LoginPageTest</div> <!-- chronological-class-name -->
              <div class="test-method">
                <span class="method-name">loginPageNavigationTest</span>
                <span class="method-start">16522 ms</span>
              </div> <!-- test-method -->
            </div> <!-- chronological-class -->
            <div class="chronological-class">
              <div class="chronological-class-name">com.qa.opencart.tests.HomePageTest</div> <!-- chronological-class-name -->
              <div class="test-method">
                <span class="method-name">homePageUrlTest</span>
                <span class="method-start">16887 ms</span>
              </div> <!-- test-method -->
              <div class="test-method">
                <span class="method-name">searchTest(Macbook)</span>
                <span class="method-start">16907 ms</span>
              </div> <!-- test-method -->
            </div> <!-- chronological-class -->
            <div class="chronological-class">
              <div class="chronological-class-name">com.qa.opencart.tests.LoginPageTest</div> <!-- chronological-class-name -->
              <div class="test-method">
                <span class="method-name">forgotPwdLinkWxistTest</span>
                <span class="method-start">18492 ms</span>
              </div> <!-- test-method -->
              <div class="test-method">
                <span class="method-name">appLoginTest</span>
                <span class="method-start">18651 ms</span>
              </div> <!-- test-method -->
            </div> <!-- chronological-class -->
            <div class="chronological-class">
              <div class="chronological-class-name">com.qa.opencart.tests.HomePageTest</div> <!-- chronological-class-name -->
              <div class="test-method">
                <span class="method-name">searchTest(iphone)</span>
                <span class="method-start">19011 ms</span>
              </div> <!-- test-method -->
              <div class="test-method">
                <span class="method-name">homePageTitleTest</span>
                <span class="method-start">19901 ms</span>
              </div> <!-- test-method -->
              <div class="test-method">
                <span class="method-name">homePageUrlTest</span>
                <span class="method-start">19921 ms</span>
              </div> <!-- test-method -->
              <div class="test-method">
                <span class="method-name">searchTest(Macbook)</span>
                <span class="method-start">19925 ms</span>
              </div> <!-- test-method -->
              <div class="test-method">
                <span class="method-name">searchTest(iphone)</span>
                <span class="method-start">21246 ms</span>
              </div> <!-- test-method -->
            </div> <!-- chronological-class -->
            <div class="chronological-class">
              <div class="chronological-class-name">com.qa.opencart.tests.LoginPageTest</div> <!-- chronological-class-name -->
              <div class="configuration-test after">
                <span class="method-name">tearDown</span>
                <span class="method-start">21654 ms</span>
              </div> <!-- configuration-test after -->
            </div> <!-- chronological-class -->
            <div class="chronological-class">
              <div class="chronological-class-name">com.qa.opencart.tests.HomePageTest</div> <!-- chronological-class-name -->
              <div class="test-method">
                <span class="method-name">searchTest(Samsung)</span>
                <span class="method-start">21723 ms</span>
              </div> <!-- test-method -->
              <div class="test-method">
                <span class="method-name">searchTest(Samsung)</span>
                <span class="method-start">22402 ms</span>
              </div> <!-- test-method -->
              <div class="configuration-test after">
                <span class="method-name">tearDown</span>
                <span class="method-start">22912 ms</span>
              </div> <!-- configuration-test after -->
              <div class="configuration-test after">
                <span class="method-name">tearDown</span>
                <span class="method-start">23403 ms</span>
              </div> <!-- configuration-test after -->
            </div> <!-- chronological-class -->
            <div class="chronological-class">
              <div class="chronological-class-name">com.qa.opencart.tests.LoginPageTest</div> <!-- chronological-class-name -->
              <div class="test-method">
                <span class="method-name">loginPageNavigationTest</span>
                <span class="method-start">30251 ms</span>
              </div> <!-- test-method -->
              <div class="test-method">
                <img src="failed.png">
                </img>
                <span class="method-name">forgotPwdLinkWxistTest</span>
                <span class="method-start">31415 ms</span>
              </div> <!-- test-method -->
              <div class="test-method">
                <img src="failed.png">
                </img>
                <span class="method-name">appLoginTest</span>
                <span class="method-start">31958 ms</span>
              </div> <!-- test-method -->
              <div class="configuration-test after">
                <span class="method-name">tearDown</span>
                <span class="method-start">33321 ms</span>
              </div> <!-- configuration-test after -->
          </div> <!-- main-panel-content rounded-window-bottom -->
        </div> <!-- panel -->
      </div> <!-- main-panel-root -->
    </div> <!-- wrapper -->
  </body>
<script type="text/javascript" src="testng-reports2.js"></script>
</html>
